<?xml version="1.0" encoding="UTF-8"?><testsuite errors="0" failures="0" name="Testing different request on the virgin games API" skipped="0" tests="6" time="7.14" timestamp="2023-06-18T08:01:10.634+01:00[Europe/London]"><testcase name="Check if the virgin game application can be accessed by users"/><testcase name="Display all the records with currency GBP"/><testcase name="Display all the records with currency EUR"/><testcase name="Display all the records with currency SEK"/><testcase name="Verify pots id = &quot;bouncy_bubbles_id&quot; and name = &quot;play-bouncy-bubbles&quot;"/><testcase name="Verify total number of records are 43"/></testsuite>