<?xml version="1.0" encoding="UTF-8"?><testsuite errors="0" failures="0" name="com.virgingames.virgingames.VirginGamesRoxorTest" skipped="0" tests="6" time="7.03" timestamp="2023-06-18T08:01:10.490+01:00[Europe/London]"><testcase classname="com.virgingames.virgingames.VirginGamesRoxorTest" name="This will verify pot name by it's id"/><testcase classname="com.virgingames.virgingames.VirginGamesRoxorTest" name="This will verify total number of the records"/><testcase classname="com.virgingames.virgingames.VirginGamesRoxorTest" name="This will get all the information about all Pots"/><testcase classname="com.virgingames.virgingames.VirginGamesRoxorTest" name="This will get all the information about Pots where currency is EUR"/><testcase classname="com.virgingames.virgingames.VirginGamesRoxorTest" name="This will get all the information about Pots where currency is GBP"/><testcase classname="com.virgingames.virgingames.VirginGamesRoxorTest" name="This will get all the information about Pots where currency is SEK"/></testsuite>